sol
yurick
yurick
yurick
walter
hill
yurick
junior
cyru
barry
vorzon
anne
curzan
rina
miller
anne
rina
anne
rina
rina
anne
rina
anne
anne
rina
anne
rina
anne
rina
todd
akin
rina
anne
drake
anne
rina
anne
mitt
romney
laurent
chavenet
chavenet
chavenet
hubert
colson
yonatan
israel
colson
patisserie
colson
laurent
dupal
dupal

tzivia
m
stork

christopher
o
phillippe
petit
ann
seward
steven
nehlthe
oregonian
stephanie
mulligan
mulligan
joan
laatz
antoinette
hatfield
hall

cynthia
fuhrman
beth
harper
harper
mulligan
eloise
damrosch
mulligan
jim
fullan
newmark
keller
john
lucy
buchanan
jamey
hampton
hampton
tom
manley
pink
martini
fuhrman
richard
ammar
chichakli
viktor
bout
chichakli
almustafa
chichakli
jessica
rosewarne
chichakli
preet
bharara
chichakli
michele
m
leonhart
chichakli
nicola
cage
chichakli
chichakli
chichakli
osama
bin
laden
chichakli
chichakli
charle
taylor
chichakli
chichakli
michael
conlan
andrew
selby
conlan
selby
selby
conlan
misha
aloian
conlan
robeisy
ramirez
carrazana
carrazana
conlan
conlan
conlan
selby
selby
michael
conlan
john
joe
nevin
joe
ward
conlan
selby
conlan
selby
haroon
khan
selby
rio
shakira
shakira
gerard
pique
shakira
gerard
jaume
laiguana
shakira
gerard
shakira
shakira
gerard
pique
declan
ganley
louth
raymond
omalley
ganley
moyne
abbeyknockmoy
omalley
ganley
lyon
omalley
linnane
ganley
kevin
barrington
declan
ganley
clare
sister
melissa
block
frenkel
saher
saher
frenkel
saher
saher
frenkel
nawall
mohammed
saher
frenkel
nawall
melanie
megevand
melanie
megevand
frenkel
saher
saher
daraa
sheera
frenkel
david
spiegel
spiegel
andrew
galvan
andrew
missioncyark
elizabeth
lee
ben
barbara
kacyra
barbara
kacyra
cyark
andrew
saint
joachim
barbara
kacyra
andy
galvan
andrew
andy
galvan
howard
gantman
zaha
hadid
jonathan
robert
mary
patel
mary
patel
mary
elsie
mary
peter
molyneux
melissa
jone
melissa
melissa
melissa
christine
evan
melissa
christine
melissa
melissa
christine
melissa
melissa
alastair
machray
alastair
machray
alastair
jame
fergusson
jame
fergusson
jame
fergusson
richard
iii
johnny
rotten
johnny
lydon
johnny
rotten
lydon
laurence
olivier
richard
iii
shakespeare
shakespeare
rowan
atkinson
blackadder
jonathan
rhy
meyer
henry
viii
heath
ledger
shakespeare
beowulf
shakespeare
richard
iii
margaret
shakespeare
shakespeare
richard
sher
shakespeare
richard
iii
richard
johnny
rotten
milton
richard
iii
richard
iii
laurence
olivier
carol
carol
carol
carol
wendy
norman
potter
norman
carol
carol
carol
carol
potter
dougla
black
black
carol
mary
leakey
mary
leakey
mary
leakey
loui
leakey
virginia
morrell
leakey
richard
leakey
loui
leakey
leakey
alan
walker
leakey
meave
leakey
mary
mary
chri
hammond
hammond
einstein
gu
ruela
brian
hare
vanessa
wood
hare
hare
hare
hare
hare
mike
tomasello
mike
hare
mike
darwin
hare
hare
brian
nicoleli
nicoleli
nicoleli
nicoleli
superman
nicoleli
martha
farah
farah
nicole
kidman
anna
quindlen
eric
finzi
finzi
finzi
finzi
charle
darwin
finzi
axel
wollmer
wollmer
finzi
wendy
cukier
suzanne
gagnon
gagnon
elizabeth
groeneveld
groeneveld
gagnon
groeneveld
cukier
gagnon
tanner
chri
grayling
grayling
grayling
tanner
tanner
jeremy
wright
wright
michael
seidman
seidman
fox
paul
kilgour
geoff
rennison
abel
tasman
paul
kilgour
kilgour
martine
barnvinger
paul
abel
tasman
robert
jenkin
abel
tasman
barnvinger
takaka
rusty
rusty
victoria
rusty
brett
dutschke
gladstone
ron
carrige
carrige
carrige
maryborough
alan
graham
brown
brown
michael
crosbie
brown
peter
curran
brown
curran
curran
john
westgate
brown
westgate
crosbie
brown
brown
brown
brown
pravin
gordhan
nhlanhla
nene
wayde
van
niekerk
adele
nathi
mthethwa
kgasoane
michael
mol
john
berry
zuma
toru
hanai
stephen
marai
marai
hafeez
faf
centurion
mohammad
hafeez
faf
du
plessi
hafeez
du
plessi
hafeez
hafeez
du
plessi
hafeez
du
plessi
nasir
jamshed
ahmed
shehzad
hafeez
hafeez
du
plessi
henry
david
de
villier
mohammad
irfan
kleinveldt
umar
gul
hafeez
hafeez
nero
mac
willem
law
nokubonga
tomose
wilfred
solomonsjohanne
tomose
tomose
elissa
cadish
obama
cadish
harry
reid
dean
heller
heller
cadish
heller
cadish
barack
obama
cadish
cadish
heller
cadish
cadish
heller
cadish
cadish
heller
reid
reid
reid
cadish
reid
heller
andrew
patrick
gordon
jennifer
a
dorsey
daniel
pincheiradonoso
pincheiradonoso
dave
hodgson
jame
ayre
jame
durica
reitman
emma
goldman
reitman
durica
durica
john
burn
ben
hecht
ward
john
coughlin
michael

hinky
dink
kenna
herman
lloyd
wendt
durica
coughlin
kenna
ward
ball
kenna
mark
brown
kenna
kenna
durica
durica
newberry
daniel
greene
paul
savage
palmer
castle
durica
bozo
cooky
wizzo
ant
timpson
adam
wingard
ben
wheatley
jorge
michel
grau
timo
tjahjanto
yoshihiro
nishimura
nacho
vigalondo
marcel
sarmiento
iguchi
tjahjanto
banjong
pisanthanakun
pisanthanakun
klutz
lee
hardcastle
wheatley
zetsumetsu
yoshihiro
nishimura
xavier
gen
gen
arisa
arisa
arisa
cox
peter
gary
scarborough
fort
mcmurray
etsy
jennifer
yau
yau
yau
marc
jacob
yau
loui
vuitton
louise
cowin
cowin
cowin
cowin
cowin
cowin
cowin
cowin
goar
donald
savoie
donald
savoie
savoie
savoie
savoie
savoie
brian
mulroney
savoie
stephen
harper
savoie
mulroney
savoie
terry
fox
jacob
adam
elijah
hillisgold
adam
adam
hillisgold
reid
sellar
belmont
enver
enver
creek
aaron
nand
dale
shury
enver
creek
phil
deek
sam
ykema
peter
spangehl
vartan
taneilian
enver
gurkirat
kular
david
ahmad
tanielian
spangehl
matt
perrin
kular
rajan
gill
nick
jhauj
ahmad
terry
fox
randy
coutt
luka
randy
coutt
raven
luka
zaharijevic
coutt
belmont
coutt
zaharijevic
noah
derappardyuswack
tom
campbell
liam
hancock
mike
west
jadon
cohee
mindy
minha
cohee
minha
cohee
langley
mindy
cohee
minha
minha
george
bergen
andrew
claur
jesse
mushiana
sam
shin
george
drew
urquhart
george
urquhart
bill
disbrow
urquhart
deklan
chung
david
smith
gino
pagbilao
hayden
lejeune
lejeune
cam
servatiu
walnut
grove
winston
churchill
smith
lejeune
dejan
posavljak
martin
bogajev
nick
garcha
lejeune
mike
gregory
jason
kroeker
eric
roger
smith
smith
tristan
etienne
mouat
rich
ralston
handsworth
etienne
etienne
corey
hauck
hauck
jesse
feenstra
daniel
pawliuk
mitch
howden
luka
petkovic
adam
karmali
arman
amini
enver
creek
jj
pankratz
jauquin
bennettboire
simon
fraserbound
pankratz
abe
fall
kermode
patrick
kurek
reegan
maki
marcu
mackay
daniel
martinezleffew
john
robert
bryan
daniel
robert
daniel
emilio
thoma
jefferson
beyonce
jayz
beyonce
beyonce
beyonce
richard
obrien
richard
obrien
richard
obrien
frank
n
furter
obrien
obrien
anton
rodger
obrien
melissa
hine
melissa
hine
dinesh
bhugra
hine
stephen
whittle
stephen
whittle
jame
barrett
barrett
carlile
john
smith
jane
smith
jane
smith
whittle
richard
obrien
diablo
iii
michele
clark
mccaw
fred
devereux
brier
dudley
brier
dudley
brier
dudley
jpmorgan
chase
russell
westbrook
steve
marsh
kevin
durant
lebron
russell
westbrook
doc
marten
beckham
rus
dopp
malcolm
mclaren
westbrook
westbrook
westbrook
kobe
bryant
lebron
jame
dwyane
wade
chri
bosh
amar
rajon
rondo
givenchy
steve
nash
clooney
kobe
westbrook
rus
westbrook
kanye
rus
clyde
frazier
allen
iverson
frazier
david
stern
westbrook
kevin
durant
westbrook
kate
middleton
westbrook
charle
barkley
neil
barrett
durant
durant
durant
regi
puckett
durant
puckett
westbrook
vivienne
westwood
marc
jacob
joyrich
leon
talley
westbrook
westbrook
puckett
kevin
rus
durant
westbrook
durant
david
stern
stern
blake
griffin
chri
bosh
amar
tyson
chandler
laure
heriard
dubreuil
rachel
johnson
jayz
lebron
jame
dubreuil
johnson
calvin
klein
stern
lebron
chri
bosh
waraire
boswell
laura
hillenbrand
dwyane
wade
ray
allen
shane
battier
battier
battier
bosh
rachel
johnson
bron
wade
wade
chri
wade
obama
wade
obama
lyndon
johnson
forrest
gump
dwyane
obama
wade
dwyane
wade
johnson
larry
johnson
lebron
bosh
david
stern
wade
barnett
wade
wade
wade
adrien
sauvage
wade
wade
lebron
wade
justin
vernon
shawn
brackbillcorbi
shawn
brackbillcorbi
bon
iver
justin
vernon
shawn
phil
kingston
steve
mcqueen
adele
johnny
cash
rick
rubinproduced
bob
boilen
robin
hilton

nice
rob
ramona
singer
carole
radziwill
heather
thomson
sonja
morgan
luann
de
lessep
aviva
drescher
ramona
carole
heather
david
sheff
sheff
nic
sheff
nic
david
david
sheff
china
dawn
bart
nageleamon
dolanhoughton
mifflin
harcourt
bart
nageleamon
dolanhoughton
mifflin
harcourt
david
sheff
china
dawn
bart
nageleamon
dolanhoughton
mifflin
harcourt
ma
jun
ma
ma
mao
zedong
mao
hai
ma
ma
xavier
leflaive
leflaive
li
keqiang
li
li
cook
bryan
little
erik
gudbranson
joe
bryksa
bryan
little
jacob
trouba
kane
olli
jokinen
little
mondaq
jian
ghomeshi
jian
ghomeshi
regina
jian
ghomeshi
jeff
dedekker
leaderpost
jian
ghomeshi
ghomeshi
jian
ghomeshi
sheila
cole
ghomeshi
tom
cochrane
dragonette
jim
cuddy
gary
robert
corb
lund
ghomeshi
ghomeshi
justin
bieber
lang
ghomeshi
lang
ghomeshi
cochrane
cochrane
cochrane
cochrane
cochrane
ghomeshi
regina
sandra
butel
jayden
pfeifer
regina
butel
honeycutt
honeycutt
honeycutt
gilleseric
carlo
pellegrino
anita
girvan
carlo
pellegrino
anita
girvan
shelley
kofluk
steve
matya
saintavila
hamilton
sainteug
saintavila
jed
goldberg
gro
alan
shatter
mr
shatter
shatter
shatter
gardai
john
foudy
xolisani
ndongeni
godfrey
nzimande
ndongeni
nzimande
ndongeni
nzimande
ndongeni
ndongeni
nzimande
siyabonga
siyo
sinethemba
ralane
nhlanhla
ngamntwini
malibongwe
mntusanto
sharapovum
maria
sharapovum
li
na
sharapovum
li
li
sharapovum
li
li
sharapovum
sharapovum
li
sharapovum
thabang
monare
amazayoni
thabo
qalinge
lesvin
stoffel
nkosinathi
mthiyane
geoffrey
weglarz
geoffrey
weglarz
geoffrey
weglarz
weglarz
weglarz
weglarz
weglarz
fantasia
carrie
underwood
kelly
clarkson
chri
daughtry
clay
aiken
producerharmony
samuel

kelly
rowland
chri
brown
andrea
martin
missy
elliott
courtney
harrell
samuel
keith
naftaly
fantasia
rowland
elliott
carolyn
william
bravo
andrea
bocelli
bocelli
fantasia
william
john
pelletier
michael
falcon
schwab
chandoha
schwab
chandoha
chandoha
elizabeth
corley
edward
kleinbard
kleinbard
kleinbard
david
bouley
valerie
taylor
taylor
taylor
taylor
birdsong
birdsong
eleanor
ratcliffe
birdsong
john
keat
samuel
taylor
coleridge
william
wordsworth
birdsong
birdsong
russell
jone
chri
watson
ratcliffe
julian
treasure
ned
goodman
chip
rafferty
john
grant
gary
bond

grant
grant
doc
tydon
donald
pleasance
grant
jock
ted
kotcheff
duddy
kravitz
kotcheff
marge
ashley
madisontype
eli
david
jackie
vance
fonzie
seth
macfarlane
hilary
duff
barbara
william
judy
davey
davey
tom
jenk
william
william
lois
choksy
choksy
choksy
blair
mcdowell
mcdowell
sayuri
alyssa
donovan

spark
alyssa
sayuri
choksy
jensyn
doyle
robert
deyoung
brendan
doyle
bayfield
brendan
doyle
doyle
dan
macdougall
osborne
burke
burke
dingwall
gabaru
burke
roger
cameron
cameron
cameron
cameron
cameron
doyle
lourde
lourde
timoth
chalamet
madonna
lourde
timoth
jimmy
timoth
lourde
madonna
madonna
adrienne
murphy
luke
henry
adrienne
adrienne
murphy
luke
adrienne
luke
luke
adrienne
luke
adrienne
adrienne
chuck
grassley
chuck
schumer
patrick
leahy
j
scott
schumer
chuck
schumer
charle
grassley
schumer
mitch
mcconnell
obama
kildare
bernie
english
clare
phil
earley
mary
moran
niall
doonan
eamon
geoghegan
robert
oreilly
padraig
leyden
diarmuid
mccaffrey
seamu
mullen
ballinamore
meanscoil
fatima
fatima
felim
drewry
drewry
drewry
drewry
drewry
matthew
cannon
wang
rajiv
maliwal
rajiv
maliwal
rajiv
rajiv
maliwal
pilani
rajiv
maliwal
tesla
robert
robert
lafley
bob
mcdonald
lafley
lafley
lafley
steve
job
richard
branson
jeff
bezo
lafley
winston
churchill
cubiclenama
sidin
vadukut
singh
arun
jaitley
arun
jaitley
sanjay
bansal
arvind
daba
neeraj
nayar
daba
nayar
daba
nayar
daba
nayar
naushad
ahmed
khan
jaitley
daba
nayar
nayar
daba
neeraj
daba
daba
nayar
anurag
singh
nitish
singh
jaitley
amar
singh
anurag
jaitley
amar
singh
rema
nagarajan
hemant
malhotra
pankaj
malhotra
brian
druker
pankaj
hemant
malhotra
tarun
kumar
dutta
malhotra
malhotra
negi
kristina
mazeli
simon
thompson
velusamy
velu
nagaraj
srinivasan
srinivasan
gelato
messina
rachel
house
dana
rotberg
maraea
rebecca

antonia
prebble
paraiti
rotberg
maraea
rotberg
maraea
john
sheila
kamo
maori
dad
hui
shakespeare
cressida
elspeth
horner
morrison
kent
shaun
gregory
morgan
morgan
morgan
shaun
morgan
morgan
morgan
morgan
marc
duchesne
morgan
duchesne
duchesne
morgan
morgan
directacces
joanie
david
j
boughton
denise
black
emmerdale
amy
kyle
denise
denise
osbourne
ken
barlow
bill
chelsea
halfpenny
denise
joanie
denise
joanie
lesley
dunlop
kate
oate
emmerdale
denise
dougla
carswell
dougla
carswell
christian
berg
berg
rex
feature
russell
russell
brand
russell
malcolm
x
ghandi
marc
weisman
weisman
weisman
paul
dub
gail
shea
shea
bill
sandra
oldfield
oldfield
john
skinner
skinner
beth
mcmahon
skinner
rock
skinner
mcmahon
his
habr
habr
abdoulaye
wade
wade
macky
sall
habr
habr
reed
brody
brody
habr
habr
habr
brody
habr
rory
jacob
jacob
jacob
bob
mcleod
chen
liu
jacob
jacob
bownes
scott
miller
miller
geoff
wilcox
sharon
raycroft
miller
sharon
wilcox
raycroft
wilcox
wilcox
raycroft
becky
walter
naheed
nenshi
nenshi
felix
diaz
villalobo
diaz
harry
style
niall
horan
zayn
malik
loui
tomlinson
liam
payne
chatroulette
harry
style
chatroulette
olly
mur
ashton
kutcher
ashton
coz
siphele
luthuli
thakasani
mbanjwa
steve
barker
luthuli
barker
luthuli
mbanjwa
tristyn
coetsee
pogiso
mahlangu
michelle
singerman
kevin
kwan
kevin
kwan
kevin
kwan
kwan
kwan
emily
brown
trisha
de
coeur
vivian
leigh
cleary
colleen
curran
lacie
petrynka
petrynka
petrynka
emily
wilkinsthe
dalla
eddie
bernice
johnson
neil
armstrong
johnson
donna
edward
johnson
vladimir
popovkin
francine
louie
kevin
louie
rumana
monzur
rumana
monzur
monzur
rumana
monzur
monzur
monzur
monzur
monzur
monzur
monzur
monzur
hasan
sayeed
sumon
tom
brock
adele
baumgardt
tom
overton
andrew
campbell
andrew
andrew
christian
huggenberger
membrapor
stuart
woodward
woodward
woodward
woodward
stuart
woodward
woodward
woodward
sergey
sirotkin
sirotkin
oleg
sirotkin
nico
hulkenberg
peter
sauber
sauber
sirotkin
hulkenberg
sergey
sirotkin
salman
khan
salman
khan
salman
khan
arpita
alvira
salman
salman
salman
khan
salman
khan
salim
khan
salman
khan
salman
salman
khan
ub
hejib
salman
salman
ashok
mundargi
shankar
erande
salman
abha
singh
singh
salman
earlier
salman
ravindra
patil
salman
ravindra
patil
patil
salman
khan
khan
salman
khan
sohail
khan
sooraj
barjatya
saath
hain
saif
ali
khan
tabu
jame
zeke
lee
lakshmi
narayanan
udacity
coursera
prof
bhaskar
ramamurthi
ak
ray
narayanan
andrew
thangaraj
hackerrank
narayanan
sandhya
chintala
kochi
abdul
latheef
basheer
basheer
basheer
latheef
latheef
basheer
latheef
latheef
basheer
latheef
kochi
seetha
ravi
syama
sastri
tyagaraja
muthuswami
dikshitar
prabha
sridevan
alok
bharadwaj
minnie
driver
minnie
driver
minnie
driver
gaynor
millington
ronnie
driver
ronnie
minnie
minnie
ronnie
ronnie
leslie
stancliffe
minnie
jean
charle
jean
minnie
ronnie
abishek
clifford
kama
sutra
clifford
sai
gaddam
gaddam
mariu
ful
dawid
jacob
smit
mariu
koekemoer
matimba
ful
renier
doibi

coetzee
coetzee
damara
coetzee
george
patton
heitman
chromecast
chromecast
sipheshile
kheswa
bongiwe
thusi
sandile
makhoba
durban
sipheshile
kheswa
bongiwe
thusi
simon
thusi
thusi
kheswa
thusi
kheswa
thusi
bobbi
bear
ladyfair
sibiya
calvin
govender
thusi
thusi
govender
farida
mohamed
thusi
thusi
david
daniel
thusi
daniel
thusi
muzi
mahlambi
henry
sy
jr
sy
cynthia
d
perezalabanza
rappler
rappler
isko
moreno
joseph
joseph
santizasmanila
moreno
rappler
rappler
snowden
barack
obama
vladimir
putin
putin
putin
putin
putin
bashar
assad
snowden
snowden
jay
carney
snowden
snowden
putin
snowden
paul
saunder
snowden
carney
obama
putin
obama
carney
carney
chuck
schumer
obama
snowden
schumer
snowden
lindsey
graham
snowden
graham
reuben
theodore
sindac
santosh
tiwari
samir
kumar
sinha
valmiki
valmiki
dipankar
ghose
valmiki
henry
loo
loo
john
westbeld
westbeld
loo
servo
loo
volker
schmitz
schmalz
schmitz
schmitz
schmitz
catherine
morri
dan
peretz
bob
little
morri
morri
henry
loo
loo
loo
loo
guy
robert
robotiq
robert
robotiq
robotiq
michael
blanchard
magswitch
blanchard
blanchard
blanchard
magswitch
blanchard
westbeld
peretz
schmitz
lex
luthor
superman
lex
luthor
sherlock
holme
zack
snyder
gene
hackman
kevin
spacey
batman
ryan
gosling
josh
brolin
joe
manganiello
christian
bale
christoper
nolan
henry
cavill
superman
sean
lamar
kendrick
jigga
andre
tyler
sean
jermaine
cole
wale
drake
sean
jay
electron
tyler
kendrick
lamar
rick
ros
lamar
skillset
develop
skillset
kion
ahadi
skillset
jo
twist
skillset
anne
mulholland
vera
stork
jill
ebell
mr
mulholland
grant
wright
keri
watkin
stephen
harper
loki
paine
paine
simon
ouellette
michael
byer
byer
albert
mary
gerry
ostiguy
ostiguy
ostiguy
mary
ostiguy
charle
nolin
nolin
piquet
riel
andy
helen
elissa
amanda
aaryn
helen
helen

amanda
helen
elissa
amanda
elissa
elissa
spencer
aaryn
helen
aaryn
clowny
helen
elissa
aaryn
helen
mccrae
helen
elissa
helen
amanda
amanda
helen
andy
elissa

enzo
aaryn
spencer
spencer
elissa
mccrae
andy
spencer
elissa
mccrae
aaryn
spencer
elissa
elissa
mccrae
amanda
aaryn
andy
mccrae
spencer
elissa
helen
breda
heenvliet
deni
napthine
deni
napthine
brian
loughnane
tony
nutt
john
griffin
tony
abbott
john
ferguson
collin
bate
napthine
joerg
friedrich
oliver
inderwildi
dabo
guan
guan
creed
iv
joey
jeevan
jeevan
bashar
alassad
khaled
yacoub
owei
william
maclean
assad
chuck
hagel
barack
obama
jay
carney
obama
carney
assad
david
cameron
obama
cameron
assad
ahmad
jarba
robert
ford
assad
hagel
assad
martin
luther
king
jr
zaina
assad
ziyad
assad
muammar
gaddafi
carney
obama
assad
cameron
francois
hollande
assad
assad
obama
cameron
hollande
assad
assad
assad
walid
almoualem
qaeda
assad
saddam
hussein
miguel
angel
contrerasu
antoinette
muller
syafril
nasution
amidhan
sabrah
sabrah
lady
gaga
shrivastava
mamata
banerjee
asim
sarkar
sarkar
kaushik
chanda
mishra
mishra
balakrishnan
balakrishnan
mohammed
riyaz
unni
valsala
narayanan
vikrant
vikrant
vikrant
gorshkov
gorshkov
vikrant
in
vikrant
vikrant
gorshkov
vikrant
vikrant
vikrant
vikrant
vikrant
viraat
gorshkov
joseph
salve
priyanka
mohite
ramesh
nijai
telangana
c
bhaskar
reddy
k
s
rao
bhaskar
reddy
rao
rao
bhaag
milkha
bhaag
milkha
singh
bhaag
milkha
bhaag
milkha
singh
milkha
singh
sindhu
usha
bhaag
milkha
bhaag
rakeysh
omprakash
mehra
milkha
farhan
akhtar
usha
chautala
om
prakash
chautala
chautala
chautala
ajay
chautala
om
prakash
chautala
chautala
siddharth
mridul
chautala
mridul
chautala
chautala
lalit
lalit
chautala
rajdeepa
behura
chautala
chautala
chautala
ajay
chautala
ajay
chautala
chautala
ajay
pankaj
kapoor
jone
lang
kapoor
ahuja
kapoor
ahuja
navi
mumbai
kapoor
kapoor
kapoor
ahuja
kapoor
paul
peng
pieter
theunissen
paul
mark
addison
addison
addison
ashish
kumar
lawrence
nkede
kenenisa
abera
silsay
kenenisa
musie
kiflom
abera
kenenisa
musie
kenenisa
haile
selassie
molla
lullu
wayde
van
niekerk
nathi
mthethwa
lehlara
banza
samson
kgasoane
michael
mol
john
berry
zuma
bashar
alassad
gro
harlem
brundtland
unni
karunakara
michel
kazatchkine
mohammed
al
maadheed
michael
rawlin
jule
hoffmann
peter
agre
harald
zu
hausen
monty
jone
jone
lewy
body
mr
smith
monty
mother
aisha
erksoussi
erksoussi
deir
elzour
jabhat
alnusra
khaled
erksoussi
erksoussi
michael
luhan
julie
griffith
norman
julie
griffith
norman
griffith
neighbour
griffith
griffith
norman
griffith
griffith
griffith
cookey
cookey
cookey
pamela
cookey
cookey
anna
maye
cookey
cookey
cookey
cookey
cookey
cookey
cookey
katy
perry
perry
courtney
coddington
katy
michael
owen
michael
owen
brown
panther
brown
panther
richard
kingscote
tom
dascombe
dascombe
richard
dascombe
richard
richard
owen
john
gosden
ryan
moore
jeremy
noseda
noseda
anita
sherlock
colin
hutton

sherlock
benedict
cumberbatch
martin
freeman
sherlock
sherlock
sue
vertue
benedict
cumberbatch
sherlock
holme
benedict
martin
tim
john
watson
bilbo
baggin
sherlock
bennett
david
bennett
graff
pink
bennett
mark
hughe
mark
hughe
mark
hughe
hughe
hughe
tony
puli
hughe
hughe
hughe
thoma
sorensen
asmir
begovic
erik
pieter
marc
muniesa
mirabela
mirabela
bob
paulinski
tom
smallhorn
mike
allen
alan
johnson
bob
tom
mike
bob
paulinski
tom
smallhorn
smallhorn
mike
allen
allen
allen
julie
soloway
george
gosbee
jim
prentice
prentice
stephen
harper
harper
dan
cheng
jame
moore
moore
harper
davi
sheremata
mao
zefeng
andre
de
leebeeck
blackpearl
john
festival
de
leebeeck
john
brussa
brussa
ezekiel
flickr
baguette
getty
louie
loui
ck
louie
blair
breard
louie
toolong
loui
ck
louie
jesu
parker
posey
loui
ck
louie
posey
loui
ck
rus
posey
breard
melissa
leo
louie
loui
ck
louie
louie
garcia
logan
lynn
jon
jon
garcia
chri
merrill
rj
smith
rj
chri
merrill
lynn
garcia
rj
chri
lynn
garcia
chri
rj
chri
rj
chri
lynn
garcia
lynn
garcia
lynn
garcia
lynn
garcia
lynn
garcia
mitt
romney
garcia
ryan
gosling
michael
fassbender
lynn
garcia
marty
beaudet
lynn
garcia
john
neff
david
lynch
lynn
garcia
allen
tony
allen
mick
foster
tony
mick
foster
mick
tony
paddy
callaghan
mick
mick
allen
donie
cassidy
mick
clerkin
tony
maggie
mick
mcdonagh
ken
harding
ken
tony
allen
de
dannan
mary
black
brendan
grace
allen
tony
allen
savita
halappanavar
savita
halappanavar
mr
halappanavar
mr
halappanavar
halappanavar
tania
mccabe
zach
louth
praveen
phelim
quinn
halappanavar
tommy
robinson
tommy
robinson
tommy
robinson
kev
carroll
tommy
robinson
tommy
tommy
tommy
quilliam
robinson
tommy
kev
tommy
tommy
robinson
nawaz
quilliam
nawaz
tommy
tommy
kev
tommy
quilliam
nawaz
quilliam
quilliam
tommy
carroll
quilliam
carroll
quilliam
carroll
robinson
jame
morri
morri
morri
morri
priti
patel
witham
ed
miliband
miliband
lord
kinnock
miliband
jason
marc
merill
jason
merill
rebecca
helm
steven
wilson
steven
wilson
wilson
steven
tim
bownes
tim
wilson
simon
garfunkel
roger
dean
dean
sid
smith
wilson
steven
wilson
andy
partridge
colin
moulding
peter
pumpkinhead
john
kothari
leidig
boyle
harmon
jake
walter
morrissey
jake
morrissey
alan
bennett
tina
dehghani
tina
tina
morrissey
mike
joyce
joyce
geoff
travi
marr
travi
geoff
morrissey
oisin
quinn
mannix
flynn
maccarthaigh
cork
sgt
anne
marie
guiney
maccarthaigh
o
dalaigh
garda
gary
morri
o
dalaigh
insp
mary
king
mac
carthaigh
obrien
bill
daly
mr
obrien
insp
king
mr
obrien
barry
sheehan
sheehan
sheehan
coleman
ben
jerry
rachel
aldighieri
whiteknight
whiteknight
gavin
brook
myriam
robin
newsat
ballintine
newsat
ballintine
newsat
ballantine
smartcompany
ballintine
newsat
ballintine
myriam
robin
myriam
robin
foley
foley
foley
foley
foley
foley
foley
burnie
burnie
foley
foley
michael
oneill
clonakilty
carlingford
loop
head
mulranny
cavan
john
tobin
michael
oneill
michael
michael
johnny
johnny
juan
hernandez
johnny
jonathan
wisniewski
johnny
wisniewski
johnny
joe
schmidt
joe
schmidt
johnny
schmidt
joe
johnny
johnny
johnny
johnny
johnny
gael
clare
byrne
edie
wynne
mary
oshea
gael
cllr
byrne
cllr
wynne
cllr
oshea
victoria
lambert
jo
hemming
hemming
tom
arnold
roseanne
barr
germaine
greer
mohammad
iqbal
m
kumar
sudesh
babu
anjugam
nagar
babu
kumar
kumar
babu
kumar
babu
kumar
baby
haldar
baby
halder
baby
halder
baby
baby
baby
prabodh
kumar
baby
prabodh
kumar
prabodh
anne
frank
baby
prabodh
prabodh
prabodh
tendulkar
sachin
digigraph
sachin
tendulkar
sanjay
patel
patel
sachin
tendulkar
digigraph
sachin
rishi
jaitly
digigraph
kareena
bhuj
vaibhavi
v
risbood
kareena
kapoor
khan
gori
tere
pyar
mein
kareena
kapoor
khan
gori
tere
pyar
mein
kareena
gori
tere
pyar
mein
imran
abhishek
bachchan
kareena
ashok
vemuri
derek
kemp
adrian
boyd
boyd
abdirahman
mohamud
farole
eyl
dangorayo
hussein
abdullahi
eyl
numsa
kzn
sdumo
dlamini
zwelinzima
vavi
dlamini
dlamini
dlamini
mbuso
ngubane
ngubane
dlamini
ngubane
basil
cele
dlamini
dlamini
dlamini
basil
cele
cele
aiza
seguerra
eigenmann
aga
muhlach
pilipina
geoff
eigenmann
rappler
rappler
peter
lerner
levene
yolanda
celestino
martinez
jr
levene
haiyan
levene
levene
levene
haiyan
bea
joy
sagale
haiyan
rappler
wanitchaya
luangtonglang
yuki
murakoshi
li
zhanzhan
li
xie
lei
maureen
penetranteouano
abigail
praca
danika
gendrauli
ouano
gendrauli
stephanie
mercado
lydia
shinako
tanaka
rico
de
guzman
shigeru
iwasaki
itsunori
onodera
onodera
yolanda
ben
evardone
evardone
lawaan
evardone
lawaan
hernani
balangkayan
macarthur
salcedo
giporlo
evardone
evardone
evardone
evardone
michael
weissmichael
weis
sergei
smirnov
bashar
qaeda
hom
alsham
aleksei
malyuta
malyuta
moran
moran
alexey
badikov
moran
korotkov
malyuta
moran
badikov
moran
moran
fontanka
malyuta
malyuta
sergei
aleksei
malyuta
sergei
malyuta
sergei
malyuta
aleksei
malyuta
fontanka
fontana
korotkov
moran
vyacheslav
kalashnikov
moran
oleg
krinitsyn
krinitsyn
mark
galeotti
vadim
gusev
fontanka
moran
gusev
assad
hom
korotkov
alexei
malyuta
vadim
gusev
gusev
evgeny
sidorov
moran
galeotti
moran
vyacheslav
kalashnikov
andrei
soldatov
kalashnikov
soldatov
gusev
sidorov
assad
robert
ford
assad
zaslon
sergei
lavrov
john
kerry
moran
moran
moran
assad
moran
moran
myre
seadiver
benelli
john
helmer
moran
tom
wallace
farley
mesko
moran
wallace
mesko
beluga
moran
hom
vladimir
putin
moran
assad
donald
jensen
steyn
jerry
steyn
steyn
steyn
steyn
pieter
kruger
christiaan
bezuidenhout
teaghan
gauche
robbie
lupini
steyn
steyn
steyn
zander
lombard
iliska
verwey
jacqui
aker
daniel
slabbert
andy
gilder
andy
garnier
gilder
andy
sarah
clayton
hannah
dutko
dutko
dutko
dutko
matt
sidell
dan
martell
martell
martell
martell
johnson
martell
mitch
kapor
martell
martell
martell
gerry
pond
martell
frank
mckenna
mckenna
martell
pond
ken
nickerson
ian
cavanagh
martell
becky
stone
stone
john
william
annie
dubois
dubois
dubois
william
simon
bracken
leah
doz
jule
lewi
homo
mother
teresa
lady
gaga
alistair
newton
peter
flinsch
flinsch
newton
flinsch
flinsch
newton
steve
fisher

tomasso
ricky
tantrum
tomasso
simon
bracken
leah
doz
dora
nigel
shawn
william
carly
maga
carly
maga

amy
lee
heather
marie
anni
jasp
alex
nirta
kurt
weill
han
jodel

ryan
anning
scott
dermody
jasp
steve
fisher
kat
sandler
in
choi
kim
sandler
brouhaha
carly
maga
mohanda
prabhu
k
tharanath
shetty
p
tamilvanan
murthy
ferguson
schole
alex
ferguson
paul
schole
schole
alex
sergio
aguero
ander
lindegaard
ferguson
schole
schole
xavi
zidane
paul
pogba
darren
gibson
schole
schole
fergie
schole
ferguson
schole
javier
hernandez
danny
welbeck
dimitar
berbatov
paul
schole
schole
anderson
tom
cleverley
paul
schole
poornima
dasharathi
gangavati
kade
sunkada
bagilu
natalie
tobert
hampi
hampi
asoka
vijayanagara
anegondi
malik
naib
mohammed
tughlaq
bukka
hampi
anegondi
vijayanagara
anegondi
kishkinda
vali
sugreeva
anjaneya
vijayanagara
gagan
mahal
krishnadevaraya
navabrindavam
hampi
matha
rama
sugreeva
vali
pampa
sarovara
goddes
pampa
mohit
choudhary
kapil
kumar
krishan
pratap
singh
bhishma
singh
mohit
mohit
chand
campinn
sam
look
tony
dave
marky
mark
sandman
kj
holy
fukushima
christine
minkov
kate
willock
daniel
alouse
minkov
kate
minkov
clyde
campbell
sergio
marchionne
mike
manly
alfa
romeo
neville
crichton
ric
hull
marchionne
alfa
ellezero
dart
bravo
abarth
dart
giulietta
ateco
sergio
marchionne
jojo
kate
winslet
mildred
pierce
pearce
guy
kate
mike
neighbour
mike
neighbour
priscilla
presely
russell
graham
russell
luc
longley
phil
jackson
longley
cody
simpson
jack
vidgen
david
stanley
stanley
nicole
stanley
stanley
stanley
stanley
grant
wormald
ofcanz
kim
schmitzdotcom
finn
batato
mathia
ortmann
bram
van
der
kolk
grant
wormald
wormald
john
key
dante
autullo
autullo
gail
glaenzer
dante
autullo
dante
glaenzer
glaenzer
glaenzer
autullo
glaenzer
autullo
autullo
glaenzer
autullo
glaenzer
mike
maggio
josh
wineera
wineera
wineera
wineera
daniel
obrien
peter
mcintosh
jan
kennedy
johnny
gatling
fun
jef
mitchell
kit
mcgregor
halo
dolly
bindra
pooja
misrra
dolly
bindra
bindra
pooja
misrra
bindra
dolly
bindra
tanu
manu
pooja
misrra
bindra
kaikayi
khosla
khosla
leon
neal
peter
chowwhite
kathleen
smith
chowwhite
chowwhite
chowwhite
chowwhite
john
campion
susan
brophy
down
katherine
kay
stephen
halperin
john
campion
fasken
martineau
dumoulin
john
campion
joyce
mclennan
wright
john
laskin
fasken
marc
taylor
abraham
lincoln
taylor
ron
jone
martin
luther
king
ander
breivik
ander
behring
breivik
geir
lippestad
breivik
breivik
breivik
clarke
david
attenborough
joanna
lumley
jon
snow
clarke
margaret
thatcher
john
major
barones
trumpington
margaret
thatcher
ed
davey
caroline
flint
richard
lloyd
ofgem
lloyd
lloyd
john
storer
rebecca
niblock
storer
mike
jone
alan
chatfield
chatfield
chatfield
chatfield
blake
chatfield
homeslouse
gevaux
hackney
hackney
kensington
abiye
george
whiting
hackney
hackney
whiting
gevaux
hackney
hawksmoor
abiye
russell
norman
nan
gerald
jr
gerald
jr
gerald
jr
gerald
jr
gerald
jr
gerald
jr
chahan
yeretzian
yeretzian
strittmatter
gogi
gerald
jr
gerald
jr
gerald
jr
gerald
jr
gerald
jr
sencon
sabidin
ferdinand
quirante
sabidin
quirante
sabidin
christopher
diaz
diaz
sabidin
quirante
sabidin
diaz
angel
locsin
john
lloyd
cruz
cathy
garciamolina
angel
john
lloyd
john
lloyd
angel
john
lloyd
john
lloyd
angel
angel
patrick
garcia
angel
robin
padilla
rafael
villordon
roy

royette
cari
padilla
padilla
robin
rustom
padilla
royette
padilla
johnny
solevilla
ivonne
villordon
padilla
solevilla
padilla
solevilla
solevilla
villordon
solevilla
bill
david
murakami
wood
murakami
wood
ann
cavoukian
jeff
fischbach
fischbach
fischbach
ray
bradbury
emma
carr
william
robinson
cavoukian
george
orwell
winston
smith
murakami
wood
darrell
robertson
robertson
david
cavanagh
eric
osawe
eric
osawe
david
cavanagh
david
cavanagh
eric
osawe
mike
mccormack
cavanagh
osawe
julian
falconer
osawe
falconer
cavanagh
cavanagh
peter
brauti
mccormack
mccormack
cavanagh
frank
pinhorn
pinhorn
pinhorn
pinhorn
pinhorn
pinhorn
darin
king
jeffrey
dahmer
sara
drescher
jeffrey
dahmer
drescher
jeffrey
dahmer
amanda
morden
victor
ray
dahmer
ray
ray
ray
morden
morden
dahmer
morden
ray
dahmer
morden
morden
groupon
dahmer
nichola
halliwell
groupon
jack
charle
manson
jeffrey
dahmer
jeannine
sherman
alderman
jame
witkowiak
sara
drescher
drescher
jim
prentice
peter
alan
bone
joseph
lavoie
john
baird
lavoie
bone
heidar
gudjonsson
gudjonsson
brynjolfur
sveinsson
john
a
macdonald
elizabeth
ii
arthur
currie
percy
nobb
jame
mcgill
theresa
rowat
raphael
tuck
rowat
lisa
kisiel
salmonella
hadar
caroline
smith
dewaal
jim
r
johnson
lance
price
tara
smith
alberto
giubilini
francesca
minerva
giubilini
minerva
minerva
giubilini
minerva
giubilini
minerva
giubilini
giubilini
giubilini
minerva
peter
singer
jame
watson
franci
crick
watson
giubilini
minerva
obama
clinton
chri
smith
obama
che
butler
kevin
johnson
johnson
stephen
hodkinson
ian
macgregor
morri
hodkinson
ronald
reagan
lynn
fotheringham
frank
miller
steven
pressfield
kosta
vlassopoulo
lycurgu
zack
snyder
mogen
herman
hansen
hodkinson
stephen
hodkinson
ian
macgregor
morri
ann
robinson
martin
bagg
christopher
pledger
sandra
laville
laville
elizabeth
filkin
laville
laville
kirk
reid
laville
reid
robert
mark
steve
wadden
greg
boone
boone
boone
steve
wadden
gary
symon
ron
cannan
gary
gary
jason
neale
gary
techvibe
lance
ereaut
cory
rideout
brook
eric
bourgeois
bob
beck
rami
sadikov
bourgeois
michael
hawco
lance
ereaut
rick
kean
geoff
byrne
eric

sticky

young
bourgeois
bourgeois
lance
ereaut
cory
rideout
brown
loch
leven
loch
leven
brown
charlie
lahey
pat
young
don
maclean
romario
romario
de
souza
faria
ronaldo
diego
maradona
romario
romario
dilma
rousseff
joseph
blatter
rousseff
blatter
dilma
romario
romario
romario
romario
romario
elmundo
romario
zico

arthur
antune
coimbra
zico
francisco
everardo
oliveira
silva
oliveira
vinod
menon
victor
carrion
menon
ginette
lafreniere
fusco
lafreniere
lafreniere
ian
stumpf
stumpf
shaman
ishak
lafreniere
paul
russell
kellyanne
john
drummond
tori
stafford
lorne
peasland
victoria
paul
bernardo
clifford
olson
jeffrey
w
tighe
juan
c
joffre
chri
qiu
vaughan
tori
stafford
steve
flanagan
jack
dixon
tori
stafford
russell
william
susan
piccinin
charle
davidson
pavel
sorokin
ron
fawcett
paul
bernardo
josh
cranney
courtice
tori
charle
steele
frann
harri
richmond
hill
paul
bernardo
clifford
olsen
harry
koza
richmond
hill
macdonald
lynda
shaw
macdonald
shaw
lee
hanlon
tori
stafford
hank
bangild
truscott
marshall
bryan
moir
vaughan
tyrone
streete
norbert
kaysser
pierre
berton
sigmund
roseth
andy
johnson
denni
mcmillan

man
morton
doran
jerome
henen
paul
morin
david
milgaard
steven
truscott
charle
smith
darcy
mcgee
margie
watson
bruce
van
dieten
richard
dunstan
dori
garner
paul
kokoski
hamilton
vaughn
mcmillan
stefan
obeda

yea
gwen
wood
ian
cuthbert
robert
g
mclachlan
paul
bernardo
cody
legebokoff
robert
pick
russell
william
dougla
maclean
jonathan
usher
david
stretton
stephenson
clifford
olson
bopp
val
lemaitre
paul
bernardo
janey
crowe
pierre
trudeau
katherine
b
ed
jurick
grey
paul
bernardo
russell
william
christiaan
jansen
wade
pearson
k
pedder
jim
corder
betty
l
reade
peter
m
maclean
firoz
khan
clifford
olsen
renate
roy
lui
j
g
peter
k
marchant
pickering
stephen
ottridge
brown
brian
kinnon
dan
sonnenschein
d
mccoll
hamilton
mary
surratt
charle
chiniquy
abraham
lincoln
paul
serup
prince
george
gary
godwin
prince
george
tolkien
alex
bank
woody
woodrow
robert
dziekanski
vilmo
soti
monica
cowan
roger
hilton
tori
stafford
charle
smith
elwan
lobopire
sid
kelly
bowmanville
keith
brady
mark
lavoie
stephen
truscott
mary
mckim
brown
ann
meiring
leigh
u
smith
tori
stafford
clifford
olson
paul
bernardo
chuck
spencer
bayfield
rosi
bisaro
hamilton
simha
s
mendelsohn
patrick
rosati
cyril
abraham
whitby
harper
moore
moore
moore
mary
polak
barry
goldwater
moore
jame
moore
moore
moore
charlie
smith
moore
charlie
moore
chandra
chandra
chandra
momizat
franci
franci
franci
alain
spohr
mahesh
vijapurkar
gregory
peck
kshitij
vya
munshi
tiken
chungkham
ibomcha
rifleman
ksh
kenedy
dungi
kakomlunglu
kamei
laikhuram
rojit
christian
bussau
bussau
william
cardno
cardino
ben
macintyre
juan
pujol
hendon
pujol
garbo
ben
macintyre
garbo
john
masterman
macintyre
patton
garbo
hitler
macintyre
garbo
antony
beevor
macintyre
joshua
levine
garbo
macintyre
dusko
popov
elvira
de
la
fuente
chaudoir
lily
sergeyev
roman
czerniawski
brutu
macintyre
reich
garbo
alexi
von
roenne
hitler
macintyre
johnny
jebsen

popov
wodehouse
jebsen
jebsen
macintyre
macpherson
stephen
lawrence
estelle
du
boulay
craig
mackey
mackey
bernard
hoganhowe
mackey
mackey
stephen
lawrence
richard
stone
tariq
jahan
tariq
jahan
jahan
jahan
jahan
haroon
william
davi
qc
jahan
sajjad
ali
jahan
ali
jahan
jahan
ali
mr
ali
ali
jahan
ali
ali
jahan
ali
jahan
jahan
ali
jahan
haroon
shazad
ali
abdul
musavir
haroon
jahan
jahan
jahan
jahan
kim
ilsung
kim
ilsung
songun
kim
ilsung
kim
jongil
kim
jongun
sander
levi
levi
izabella
littlegate
lady
gaga
oprah
winfrey
gaga
winfrey
gaga
gaga
gaga
sbonelo
ngcobo
fathima
padia
padia
padia
padia
javed
aswani
ebrahim
ansur
ansur
ansur
aubrey
masango
aubrey
aubrey
willie
hofmeyer
hofmeyr
jacob
zuma
mamphele
ramphele
jonathan
jansen
aubrey
masango
aubrey
masango
aubrey
masango
aubrey
aubrey
aubrey
masango
aubrey
aubrey
charle
robertson
robertson
robertson
lauren
milligan
carole
white
carole
white
jo
swinson
swinson
swinson
white
swinson
white
white
alex
macfarlane
getty
alex
macfarlane
macfarlane
alison
saunder
grace
ononiwu
macfarlane
saunder
macfarlane
mauro
demetrio
bernardhogan
howe
saunder
macfarlane
saunder
ek
sonn
chan
ek
sonn
chan
morten
kvamman
morten
kvamman
simon
west
el
reg
digg
twittter
pinterest
pinterest
pinterest
pinterest
scott
lamb
lamb
dave
stopera
danah
boyd
boyd
christopher
sopher
jay
rosen
trayvon
martin
trayvon
martin
trayvon
martin
geraldo
rivera
martin
martin
trayvon
obama
boyd
brian
haa
boyd
paige
anonymou
stephen
stephen
stephen
davi
poynter
alan
ehrenhalt
petula
clark
jane
jacob
ehrenhalt
ehrenhalt
ehrenhalt
baron
georgeseugene
haussmann
ehrenhalt
sheffield
ehrenhalt
sheffield
ehrenhalt
ehrenhalt
ehrenhalt
bochasanwasi
shri
akshar
purushoram
swaminarayan
sanstha
ehrenhalt
haussmann
ehrenhalt
vive
le
richard
horan
faulkner
kerouac
welty
harper
collin
susan
burke
burke
leon
panetta
kelly
marquet
anne
kendzior
marquet
marquet
marquet
kendzior
kendzior
kendzior
kendzior
kendzior
panetta
panetta
panetta
paula
coughlin
coughlin
elle
helmer
arianna
klay
klay
helmer
panetta
jame
charle
cafferty
cafferty
cafferty
cafferty
cafferty
cafferty
cafferty
cafferty
cafferty
cafferty
cafferty
cafferty
cafferty
corey
monaghan
monaghan
cafferty
monaghan
cafferty
yulia
tymoshenko
yulia
tymoshenko
konstantin
sadovsky
tymoshenko
tymoshenko
yulia
tymoshenko
konstantin
sadovsky
tymoshenko
tymoshenko
tymoshenko
tymoshenko
ashton
ashton
tymoshenko
ashton
tymoshenko
tymoshenko
tymoshenko
tymoshenko
tymoshenko
wheeler
wheeler
wheeler
wheeler
adam
wheeler
wheeler
wheeler
wheeler
wheeler
adam
wheeler
wheeler
wheeler
jame
rawling
rawling
rawling
lori
stoll
wheeler
rusaya
rusaya
wheeler
rusaya
wheeler
thang
khen
pau
wheeler
pau
pau
cing
dim
sian
kim
jame
rawling
randy
rawling
britney
spear
ciara
soulja
boy
beyonce
knowle
lady
gaga
lauren
fisher
hidalgo
margarita
zavala
rosa
elena
bonilla
de
lobo
rosa
maria
leal
de
perez
wendy
young
fisher
jesse
garcia
garcia
joan
burton
gerry
dowling
dowling
kevin
barry
mcauley
mcauley
mcauley
mccarter
daniel
mohn
mcauley
mohn
eamon
gilmore
sean
brady
brendan
smyth
brady
smyth
brady
gilmore
gilmore
cardinal
brady
gilmore
fr
brendan
smyth
sean
brady
smyth
cardinal
brady
smyth
cardinal
brady
brady
smyth
cardinal
brady
smyth
brady
brendan
smyth
smyth
smyth
brady
smyth
cardinal
brady
brendan
smyth
ronan
finn
finn
stephen
kenny
ronan
stephen
kenny
ronan
ronan
finn
ronan
gomez
jame
franco
gomez
annabel
mehraninterview
bubba
watson
choi
hunter
mahan
lee
westwood
jeffrey
engelen
maya
the
bee
maya
the
bee
patrick
elmendorff
maya
the
bee
maya
maya
the
bee
daniel
duda
delphine
maury
christophe
erbe
jan
van
rijsselberge
jason
loose
li
yonggang
michael
laurence
danya
omalley
docherty
melissa
cooke
matusiewicz
everett
galllant
gallant
gallant
lieut
ian
scott
scott
scott
ridgeway
carl
doucette
matusiewicz
hon
valerie
e
docherty
aylward
valerie
docherty
hon
valerie
e
docherty
donny
valerie
docherty
c
denyse
butler
cathy
ada
donald
j
campbell
carl
doucette
valerie
docherty
phil
matusiewicz
melissa
cooke
ian
scott
carl
doucette
everett
galllant
lori
roger
john
roger
john
lori
lori
cullen
trudy
whitemorgan
whitemorgan
lori
roxanne
morganwhite
morganwhite
morganwhite
morgan
morgan
roger
morganwhite
roger
lori
morgan
roxanne
john
paul
westin
roger
lori
lori
andrew
daly
daly
c
randal
mill
mill
wally
haddad
burton
burton
molyneaux
burton
david
shellie
shellie
david
liam
niall
harry
zayn
liam
loui
niall
harry
niall
liam
loui
tomlinson
jesu
zayn
gillan
lewi
hamilton
phil
verster
rihanna
rihanna
rihanna
rihanna
gilly
gilly
gilly
kylie
karen
gillan
rihanna
rebecca
rebecca
pensnett
julian
harper
shahid
khan
alvin
brown
khan
khan
khan
khan
brown
khan
khan
weaver
khan
cindy
laquidara
mark
lamping
chastain
brown
laquidara
jacksonville
jame
bond
charle
fenwick
khan
khan
lou
khan
khan
will
art
rooney
roger
gooddell
khan
kroenke
reagan
gorbachev
mitt
romney
obama
michelle
milton
friedman
romney
robert
enlow
teri
voucher
maria
j
donald
trump
aaron
milton
friedman
pinochet
melissa
voucher
eric
andersen
romney
eric
andersen
forbe
mitt
ralph
narain
narain
narain
narain
narain
dini
miller
brooke
borel
jv
ratnam
p
patanjali
erik
buell
pawan
munjal
munjal
singh
indu
bhushan
singh
singh
singh
singh
mahachandra
prasad
singh
alex
oloughlin
steve
mcgarrett
jack
lord
alex
ruben
v
nepale
alex
alex
mick
st
john
alex
alex
alex
mcgarrett
danno

scott
caan
mcgarrett
danno
alex

saxon
saxon
alex
daniel
dae
kim
grace
park
masi
oka
scotty
alex
grace
daniel
willie
lomibao
leticia
flore
flore
elvira
ordo
flore
flore
anjo
farm
willie
lomibao
flore
libradita
abrenica
nonato
abrenica
abrenica
abrenica
villasi
abrenica
alfred
yao
paolo
g
montecillo
manny
pacquiao
timothy
bradley
jr
manny
pacquiao
timothy
bradley
jr
jayson
marco
barangay
d
garcia
laur
domingo
rosa
pacquiao
john
hay
alfredo
y
john
hay
marcotte
marcotte
marcotte
marcotte
marcotte
marcotte
marcotte
marcotte
marcotte
marcotte
redpath
redpath
jame
cooper
jame
cooper
anna
simone
gary
berman
mackenzie
king
laura
stonestaff
loui
riel
michel
lagace
pierre
b
wilfrid
laurier
william
lyon
mackenzie
king
mackenzie
king
bill
fisher
gregory
thoma
belanger
william
lyon
mackenzie
king
eddie
kennedy
kennedy
roxanne
hooker
aminu
bello
bello
john
a
macdonald
bello
bello
sam
mitminger
bello
york
tara
kramp
kramp
nancy
van
rooy
kramp
jeremy
russell
gailanne
duvale
roderick
ayre
stephen
frost
alicia
gray
kevin
hatch
h
u
talawar
rk
ragavendran
srinivasan
young
young
marc
lhermitte
ajit
singh
singh
vivek
prakashreuter
amber
dubey
dharmadhikari
will
andrade
andrade
pamela
anderson
andrade
andrade
andrade
stephen
boland
mackenzie
mackenzie
george
mackenzie
mackenzie
mackenzie
leonard
mather
wayne
thomson
francesca
rogier
brindi
rogier
rogier
brindi
francesca
rogier
flora
buchan
buchan
brindi
brindi
rogier
brindi
brindi
rogier
rogier
buchan
rogier
rogier
rogier
susan
jordan
jordan
brindi
rogier
rogier
jordan
brindi
jordan
jordan
brindi
rogier
brindi
katherine
salsman
finley
diane
finley
peter
parson
mary
leopold
leopold
leopold
leopold
diane
finley
leopold
finley
finley
finley
finley
peter
harrison
mason
finley
leopold
harrison
martin
mcguinnes
martin
mcguinnes
richie
boucher
kevin
murphy
boucher
murphy
boucher
boucher
murphy
boucher
kevin
boucher
joan
burton
boucher
desmond
boucher
boucher
sean
fitzpatrick
michael
fingleton
boucher
paddy
neary
paddy
declan
lynch
dion
fanning
malcolm
x
paddy
paddy
paddy
paddy
paddy
paddy
paddy
paddy
theobald
mathew
frederick
douglas
cork
paddy
john
fr
mathew
paddy
paddy
paddy
paddy
macfarlane
ted
wahlberg
macfarlane
mila
kuni
wahlberg
ted
macfarlane
damian
thompson
tom
cruise
cruise
kolob
kolob
abraham
joseph
smith
smith
kolob
mitt
romney
joseph
smith
ron
hubbard
smith
hubbard
smith
hubbard
hubbard
smith
hubbard
mormon
mitt
romney
george
entwistle
paul
mason
mason
george
polly
toynbee
hattie
eric
syke
hattie
jacque
john
le
mesurier
umair
haque
kim
kardashian
kibare
benjamin
netanyahu
nigel
farage
farage
farage
chirac
schr
chirac
bernard
connolly
jacque
delor
farage
abraham
mmemezi
thoma
ferreira
fred
nel
merafong
nel
humphrey
mememzi

sapa
mayor
patricia
de
lille
patricia
de
lille
tony
ehrenreich
solly
malatsi
malatsi
ehrenreich
malatsi
sello
hatang
sitsheketshe
mandela
sitsheketshe
mandela
nelson
mandela
sitsheketshe
mandela
anna
trapido
nelson
mandela
madiba
vuzu
chri
march
susanne
patricia
field
valentine
susanne
chri
mzansi
magic
aunt
lizzie
goodman
pascal
nomsa
bra
keoikantse
motsepe
motsepe
motsepe
motsepe
motsepe
keo
jason
gilkison
gilkison
harley
medcalf
elton
john
medcalf
sanjay
dutt
sanjay
dutt
dutt
sanjay
soham
shah
sanjay
sanjay
baba

sanjay
dutt
sanjay
dutt
jr
dutt
soham
sunil
dutt
sanjay
kanal
kannan
sanjay
vivek
oberoi
humaima
mallik
karishma
tanna
dutt
haj
shri
nankana
sahib
yatra
haj
shri
nankana
sahib
yatra
albert
dua
jesu
christ
augustine
jayalalithaa
arjun
parthasarathy
parthasarathy
parthasarathy
parthasarathy
warren
buffett
parthasarathy
parthasarathy
buffett
parthasarathy
parthasarathy
gregory
hulcher
stuart
pearce
albert
ferrer
pep
guardiola
lui
enrique
abelardo
kiko
kiko
gossard
gossard
stacey
lindsay
gossard
gossard
stacey
lindsay
sophie
anderton
sophie
anderton
gossard
chantelle
houghton
alex
reid
chantelle
houghton
alex
reid
dolly
alex
chantelle

chantelle
alex
chantelle
alex
chantelle
alex
chantelle
alex
chantelle
katie
price
amy
willerton
dubbing
chantelle
katie
chantelle
joyce
joyce
joyce
joyce
joyce
joyce
jame
bennett
joyce
jame
bennett
tabitha
macfarlane
bennett
joyce
bennett
joyce
joyce
tabitha
macfarlane
tim
shortman
bennett
joyce
david
gary
edward
jame
paul
colten
david
gary
edward
colten
edward
gary
paul
hurley
gary
treboeth
edward
elaine
goldup
jame
holme
ashley
moser
ashley
moser
holme
veronica
moser
holme
ashley
moser
jamison
toew
ashley
ashley
ashley
moser
ashley
ashley
veronica
moser
veronica
mosersullivan
jame
holme
ashley
moser
shirley
wygal
matt
mcquinn
mcquinn
holme
ashley
ashley
jamison
toew
toew
holme
christian
bale
toew
veronica
jame
holme
veronica
toew
ashley
moser
jame
holme
veronica
mosersullivan
holme
moser
robert
sierra
jame
holme
holme
holme
sierra
veronica
veronica
annie
dalton
ashley
moser
veronica
moser
ashley
veronica
ashley
jean
moser
ashley
moser
veronica

veronica
dalton
andrew
zayatz
jesse
childres
mr
sierra
veronica
dan
oate
holme
john
hickenlooper
oate
holme
holme
mr
sierra
veronica
holme
david
neale
steve
reid
chri
owen
all
david
neale
john
bacon
david
david
linda
john
bacon
linda
jean
david
arthur
west
david
norton
mike
hailwood
david
linda
richard
morley
richard
richard
david
richard
david
emma
david
david
david
john
bacon
david
john
david
richard
dart
ray
mear
ray
mear
stephanie
ray
mear
stephanie
ray
ray
ray
mear
ray
ray
mear
bushcraft
ray
mear
ray
ray
ray
ray
ray
michael
purvi
jame
mavin
ray
nagabhushan
shankar
koli
shankara
nagabhushan
shankar
sunkadakatte
nagabhushan
kavyashree
nagabhushan
koli
shankar
nagabhushan
kavyashree
shah
rukh
khan
shahrukh
khan
shah
rukh
khan
anand
singh
singh
khan
mhada
mhada
ramesh
prabhu
praveen
kumar
k
patel
mune
gowda
praveen
kumar
singara
mattu
singara
mattu
singara
mattu
r
d
mangueskar
singara
mattu
praveen
kumar
praveen
kumar
possum
mike
mabey
mabey
mabey
alan
wood
phil
morgan
josh
colin
giddy
dave
wrightson
giddy
shin
takizawa
shin
takizawa
takizawa
takizawa
derek
ealson
takizawa
takizawa
ealson
mt
cook
takizawa
takizawa
takizawa
kevin
barack
obama
michelle
obama
david
cameron
dave
bill
clinton
grey
grey
margaret
thatcher
thatcher
bernard
ingham
kim
jongil
sandy
alisoun
grant
sandy
ogilvy
alisoun
jame
ii
angu
glen
alisoun
alisoun
louise
burnes
charle
forte
rocco
forte
louise
strutt
parker
jamie
mcnab
mike
sheila
mill
bernabe
moya
raul
de
la
calle
nicola
lopez
drgail
bolan
drann
avery
robert
bonomo
bolan
avery
antonio
cabrera
esperanza
rosa
hernandez
cabrera
rosa
liliam
fondeuer
fondeuer
esperanza
esperanza
esperanza
steve
winwood
steve
winwood
winwood
winwood
david
hepworth
ramona
wall
cindy
q
tang
botany
ramona
l
balaji
athreya
laurel
cooper
justin
elser
maria
a
gandolfo
pankaj
jaiswal
christopher
j
mungall
justin
preece
stefan
rensing
barry
smith
denni
w
stevenson
doi
richard
hund
pehowa
mandip
singh
brar
mandip
singh
brar
brar
sunny
leone
leone
shahid
kapoor
shahid
kapoor
shatrughan
sinha
shatrughan
sinha
krishan
sonakshi
paresh
rawal
madhuri
dixit
sridevi
michael
jackson
jahnvi
michael
jackson
jahnvi
prabhu
deva
vishnu
deva
arbaaz
khan
meghaa
banerjee
meghaa
lubaina
raj
suhail
rohit
khurana

sharad
sasikala
nandini
sasikala
pranamamyaham
gowrisutam
thyagaraja
ksheerasagara
sayana
sastry
sasikala
nandini
devulapalli
krishna
sastry
koluvaitiva
rangasai
oura
ouroura
sasikala
narayana
teertha
sasikala
kuchipudi
m
manjulata
sastry
k
rajagopalacharya
r
dinkar
d
jayakumaracharya
murali
sudhakar
neil
simon
neil
simon
neil
simon
anton
chekhov
n
rishi
neil
simon
prateek
prajosh
rishi
mohan
ram
brassilhov
deepak
hariharan
deepak
deepak
shraddha
srinath
shraddha
sindhu
sreenivasa
murthy
vikram
hemanathan
rishi
lilong
hatta
golapati
kailun
gerard
galway
ak
antony
brian
udermann
udermann
oz
udermann
udermann
udermann
udermann
christine
ha
crowned
christine
ha
josh
mark
cindy
gordon
ramsey
ha
john
yoko
miley
cyru
annie
leibovitz
david
lachapelle
ann
nancy
wilson
charle
cros
kurt
cobain
wilson
ann
wilson
ann
ann
michael
fischer
wilson
wilson
nancy
cameron
crowe
tom
cruise
wilson
nancy
wilson
ann
wilson
annie
bebe
le
strangeera
heart
wilson
leibovitz
john
cougar
mellencamp
mellencamp
jack
diane
wilson
alex
eddie
nancy
eddie
craigslist
mosqueda
mosqueda
rebecca
schaeffer
sam
mosqueda
mosqueda
michael
michael
mike
mike
mike
kim
kim
jim
mike
mike
mike
mike
mike
mike
nadia
mike
mike
mike
kim
jim
jim
kim
mike
mike
kim
jim
kim
mike
jim
mike
jim
kim
mike
mike
mike
mike
mike
kim
jim
